<?xml version="1.0" encoding="UTF-8"?>
<!-- Generated by org.testng.reporters.JUnitXMLReporter -->
<testsuite hostname="DELL" ignored="0" name="Default test" tests="3" failures="0" timestamp="06 Feb 2019 14:07:19 GMT" time="4.926" errors="0">
  <testcase name="PostingBlogInvalidUser" time="0.21" classname="BlogTesting.PostBlogsAPITest"/>
  <testcase name="PostingBlogs" time="2.319" classname="BlogTesting.PostBlogsAPITest"/>
  <testcase name="CheckingPostingBlogs" time="2.157" classname="BlogTesting.PostBlogsAPITest"/>
</testsuite> <!-- Default test -->
