<?xml version="1.0" encoding="UTF-8"?>
<testng-results skipped="0" failed="0" ignored="0" total="3" passed="3">
  <reporter-output>
  </reporter-output>
  <suite name="Default suite" duration-ms="4926" started-at="2019-02-06T14:07:14Z" finished-at="2019-02-06T14:07:19Z">
    <groups>
    </groups>
    <test name="Default test" duration-ms="4926" started-at="2019-02-06T14:07:14Z" finished-at="2019-02-06T14:07:19Z">
      <class name="BlogTesting.PostBlogsAPITest">
        <test-method status="PASS" signature="getData()[pri:0, instance:BlogTesting.PostBlogsAPITest@5e8f9e2d]" name="getData" is-config="true" duration-ms="131" started-at="2019-02-06T14:07:14Z" finished-at="2019-02-06T14:07:14Z">
          <reporter-output>
          </reporter-output>
        </test-method> <!-- getData -->
        <test-method status="PASS" signature="PostingBlogInvalidUser()[pri:1, instance:BlogTesting.PostBlogsAPITest@5e8f9e2d]" name="PostingBlogInvalidUser" duration-ms="210" started-at="2019-02-06T14:07:14Z" description="invalid User" finished-at="2019-02-06T14:07:14Z">
          <reporter-output>
          </reporter-output>
        </test-method> <!-- PostingBlogInvalidUser -->
        <test-method status="PASS" signature="PostingBlogs()[pri:2, instance:BlogTesting.PostBlogsAPITest@5e8f9e2d]" name="PostingBlogs" duration-ms="2319" started-at="2019-02-06T14:07:14Z" description="posting blog with correct user_id and token" finished-at="2019-02-06T14:07:17Z">
          <reporter-output>
          </reporter-output>
        </test-method> <!-- PostingBlogs -->
        <test-method status="PASS" signature="CheckingPostingBlogs()[pri:3, instance:BlogTesting.PostBlogsAPITest@5e8f9e2d]" name="CheckingPostingBlogs" duration-ms="2157" started-at="2019-02-06T14:07:17Z" description="checking whether the blogs are added or not" finished-at="2019-02-06T14:07:19Z">
          <reporter-output>
          </reporter-output>
        </test-method> <!-- CheckingPostingBlogs -->
      </class> <!-- BlogTesting.PostBlogsAPITest -->
    </test> <!-- Default test -->
  </suite> <!-- Default suite -->
</testng-results>
